Compiling the C compiler identification source file "CMakeCCompilerId.c" failed.
Compiler: /bin/arm-none-eabi-gcc 
Build flags: 
Id flags:  

The output was:
1
/usr/share/gcc-arm-none-eabi-10.3-2021.10/bin/../lib/gcc/arm-none-eabi/10.3.1/../../../../arm-none-eabi/bin/ld: /usr/share/gcc-arm-none-eabi-10.3-2021.10/bin/../lib/gcc/arm-none-eabi/10.3.1/../../../../arm-none-eabi/lib/libc.a(lib_a-exit.o): in function `exit':
exit.c:(.text.exit+0x2c): undefined reference to `_exit'
collect2: error: ld returned 1 exit status


Detecting C compiler ABI info failed to compile with the following output:
Change Dir: /home/zgrywcio/TMC/build/CMakeFiles/CMakeTmp

Run Build Command(s):/usr/bin/make cmTC_39dfa/fast && /usr/bin/make -f CMakeFiles/cmTC_39dfa.dir/build.make CMakeFiles/cmTC_39dfa.dir/build
make[1]: Entering directory '/home/zgrywcio/TMC/build/CMakeFiles/CMakeTmp'
Building C object CMakeFiles/cmTC_39dfa.dir/CMakeCCompilerABI.c.o
/bin/arm-none-eabi-gcc   -v -std=gnu11 -o CMakeFiles/cmTC_39dfa.dir/CMakeCCompilerABI.c.o   -c /usr/share/cmake-3.16/Modules/CMakeCCompilerABI.c
Using built-in specs.
COLLECT_GCC=/bin/arm-none-eabi-gcc
Target: arm-none-eabi
Configured with: /mnt/workspace/workspace/GCC-10-pipeline/jenkins-GCC-10-pipeline-338_20211018_1634516203/src/gcc/configure --target=arm-none-eabi --prefix=/mnt/workspace/workspace/GCC-10-pipeline/jenkins-GCC-10-pipeline-338_20211018_1634516203/install-native --libexecdir=/mnt/workspace/workspace/GCC-10-pipeline/jenkins-GCC-10-pipeline-338_20211018_1634516203/install-native/lib --infodir=/mnt/workspace/workspace/GCC-10-pipeline/jenkins-GCC-10-pipeline-338_20211018_1634516203/install-native/share/doc/gcc-arm-none-eabi/info --mandir=/mnt/workspace/workspace/GCC-10-pipeline/jenkins-GCC-10-pipeline-338_20211018_1634516203/install-native/share/doc/gcc-arm-none-eabi/man --htmldir=/mnt/workspace/workspace/GCC-10-pipeline/jenkins-GCC-10-pipeline-338_20211018_1634516203/install-native/share/doc/gcc-arm-none-eabi/html --pdfdir=/mnt/workspace/workspace/GCC-10-pipeline/jenkins-GCC-10-pipeline-338_20211018_1634516203/install-native/share/doc/gcc-arm-none-eabi/pdf --enable-languages=c,c++ --enable-plugins --disable-decimal-float --disable-libffi --disable-libgomp --disable-libmudflap --disable-libquadmath --disable-libssp --disable-libstdcxx-pch --disable-nls --disable-shared --disable-threads --disable-tls --with-gnu-as --with-gnu-ld --with-newlib --with-headers=yes --with-python-dir=share/gcc-arm-none-eabi --with-sysroot=/mnt/workspace/workspace/GCC-10-pipeline/jenkins-GCC-10-pipeline-338_20211018_1634516203/install-native/arm-none-eabi --build=x86_64-linux-gnu --host=x86_64-linux-gnu --with-gmp=/mnt/workspace/workspace/GCC-10-pipeline/jenkins-GCC-10-pipeline-338_20211018_1634516203/build-native/host-libs/usr --with-mpfr=/mnt/workspace/workspace/GCC-10-pipeline/jenkins-GCC-10-pipeline-338_20211018_1634516203/build-native/host-libs/usr --with-mpc=/mnt/workspace/workspace/GCC-10-pipeline/jenkins-GCC-10-pipeline-338_20211018_1634516203/build-native/host-libs/usr --with-isl=/mnt/workspace/workspace/GCC-10-pipeline/jenkins-GCC-10-pipeline-338_20211018_1634516203/build-native/host-libs/usr --with-libelf=/mnt/workspace/workspace/GCC-10-pipeline/jenkins-GCC-10-pipeline-338_20211018_1634516203/build-native/host-libs/usr --with-host-libstdcxx='-static-libgcc -Wl,-Bstatic,-lstdc++,-Bdynamic -lm' --with-pkgversion='GNU Arm Embedded Toolchain 10.3-2021.10' --with-multilib-list=rmprofile,aprofile
Thread model: single
Supported LTO compression algorithms: zlib
gcc version 10.3.1 20210824 (release) (GNU Arm Embedded Toolchain 10.3-2021.10) 
COLLECT_GCC_OPTIONS='-v' '-std=gnu11' '-o' 'CMakeFiles/cmTC_39dfa.dir/CMakeCCompilerABI.c.o' '-c' '-mcpu=arm7tdmi' '-mfloat-abi=soft' '-marm' '-mlibarch=armv4t' '-march=armv4t'
 /usr/share/gcc-arm-none-eabi-10.3-2021.10/bin/../lib/gcc/arm-none-eabi/10.3.1/cc1 -quiet -v -iprefix /usr/share/gcc-arm-none-eabi-10.3-2021.10/bin/../lib/gcc/arm-none-eabi/10.3.1/ -isysroot /usr/share/gcc-arm-none-eabi-10.3-2021.10/bin/../arm-none-eabi -D__USES_INITFINI__ /usr/share/cmake-3.16/Modules/CMakeCCompilerABI.c -quiet -dumpbase CMakeCCompilerABI.c -mcpu=arm7tdmi -mfloat-abi=soft -marm -mlibarch=armv4t -march=armv4t -auxbase-strip CMakeFiles/cmTC_39dfa.dir/CMakeCCompilerABI.c.o -std=gnu11 -version -o /tmp/ccuwnYyr.s
GNU C11 (GNU Arm Embedded Toolchain 10.3-2021.10) version 10.3.1 20210824 (release) (arm-none-eabi)
	compiled by GNU C version 4.8.4, GMP version 6.1.0, MPFR version 3.1.4, MPC version 1.0.3, isl version isl-0.18-GMP

GGC heuristics: --param ggc-min-expand=100 --param ggc-min-heapsize=131072
ignoring duplicate directory "/usr/share/gcc-arm-none-eabi-10.3-2021.10/bin/../lib/gcc/../../lib/gcc/arm-none-eabi/10.3.1/include"
ignoring nonexistent directory "/usr/share/gcc-arm-none-eabi-10.3-2021.10/bin/../arm-none-eabi/usr/local/include"
ignoring duplicate directory "/usr/share/gcc-arm-none-eabi-10.3-2021.10/bin/../lib/gcc/../../lib/gcc/arm-none-eabi/10.3.1/include-fixed"
ignoring duplicate directory "/usr/share/gcc-arm-none-eabi-10.3-2021.10/bin/../lib/gcc/../../lib/gcc/arm-none-eabi/10.3.1/../../../../arm-none-eabi/include"
ignoring nonexistent directory "/usr/share/gcc-arm-none-eabi-10.3-2021.10/bin/../arm-none-eabi/usr/include"
#include "..." search starts here:
#include <...> search starts here:
 /usr/share/gcc-arm-none-eabi-10.3-2021.10/bin/../lib/gcc/arm-none-eabi/10.3.1/include
 /usr/share/gcc-arm-none-eabi-10.3-2021.10/bin/../lib/gcc/arm-none-eabi/10.3.1/include-fixed
 /usr/share/gcc-arm-none-eabi-10.3-2021.10/bin/../lib/gcc/arm-none-eabi/10.3.1/../../../../arm-none-eabi/include
End of search list.
GNU C11 (GNU Arm Embedded Toolchain 10.3-2021.10) version 10.3.1 20210824 (release) (arm-none-eabi)
	compiled by GNU C version 4.8.4, GMP version 6.1.0, MPFR version 3.1.4, MPC version 1.0.3, isl version isl-0.18-GMP

GGC heuristics: --param ggc-min-expand=100 --param ggc-min-heapsize=131072
Compiler executable checksum: ada28fdd13bdd399f195284d34df0081
COLLECT_GCC_OPTIONS='-v' '-std=gnu11' '-o' 'CMakeFiles/cmTC_39dfa.dir/CMakeCCompilerABI.c.o' '-c' '-mcpu=arm7tdmi' '-mfloat-abi=soft' '-marm' '-mlibarch=armv4t' '-march=armv4t'
 /usr/share/gcc-arm-none-eabi-10.3-2021.10/bin/../lib/gcc/arm-none-eabi/10.3.1/../../../../arm-none-eabi/bin/as -v -march=armv4t -mfloat-abi=soft -meabi=5 -o CMakeFiles/cmTC_39dfa.dir/CMakeCCompilerABI.c.o /tmp/ccuwnYyr.s
GNU assembler version 2.36.1 (arm-none-eabi) using BFD version (GNU Arm Embedded Toolchain 10.3-2021.10) 2.36.1.20210621
COMPILER_PATH=/usr/share/gcc-arm-none-eabi-10.3-2021.10/bin/../lib/gcc/arm-none-eabi/10.3.1/:/usr/share/gcc-arm-none-eabi-10.3-2021.10/bin/../lib/gcc/:/usr/share/gcc-arm-none-eabi-10.3-2021.10/bin/../lib/gcc/arm-none-eabi/10.3.1/../../../../arm-none-eabi/bin/
LIBRARY_PATH=/usr/share/gcc-arm-none-eabi-10.3-2021.10/bin/../lib/gcc/arm-none-eabi/10.3.1/:/usr/share/gcc-arm-none-eabi-10.3-2021.10/bin/../lib/gcc/:/usr/share/gcc-arm-none-eabi-10.3-2021.10/bin/../lib/gcc/arm-none-eabi/10.3.1/../../../../arm-none-eabi/lib/:/usr/share/gcc-arm-none-eabi-10.3-2021.10/bin/../arm-none-eabi/lib/
COLLECT_GCC_OPTIONS='-v' '-std=gnu11' '-o' 'CMakeFiles/cmTC_39dfa.dir/CMakeCCompilerABI.c.o' '-c' '-mcpu=arm7tdmi' '-mfloat-abi=soft' '-marm' '-mlibarch=armv4t' '-march=armv4t'
Linking C executable cmTC_39dfa
/usr/bin/cmake -E cmake_link_script CMakeFiles/cmTC_39dfa.dir/link.txt --verbose=1
/bin/arm-none-eabi-gcc     -v CMakeFiles/cmTC_39dfa.dir/CMakeCCompilerABI.c.o  -o cmTC_39dfa 
Using built-in specs.
COLLECT_GCC=/bin/arm-none-eabi-gcc
COLLECT_LTO_WRAPPER=/usr/share/gcc-arm-none-eabi-10.3-2021.10/bin/../lib/gcc/arm-none-eabi/10.3.1/lto-wrapper
Target: arm-none-eabi
Configured with: /mnt/workspace/workspace/GCC-10-pipeline/jenkins-GCC-10-pipeline-338_20211018_1634516203/src/gcc/configure --target=arm-none-eabi --prefix=/mnt/workspace/workspace/GCC-10-pipeline/jenkins-GCC-10-pipeline-338_20211018_1634516203/install-native --libexecdir=/mnt/workspace/workspace/GCC-10-pipeline/jenkins-GCC-10-pipeline-338_20211018_1634516203/install-native/lib --infodir=/mnt/workspace/workspace/GCC-10-pipeline/jenkins-GCC-10-pipeline-338_20211018_1634516203/install-native/share/doc/gcc-arm-none-eabi/info --mandir=/mnt/workspace/workspace/GCC-10-pipeline/jenkins-GCC-10-pipeline-338_20211018_1634516203/install-native/share/doc/gcc-arm-none-eabi/man --htmldir=/mnt/workspace/workspace/GCC-10-pipeline/jenkins-GCC-10-pipeline-338_20211018_1634516203/install-native/share/doc/gcc-arm-none-eabi/html --pdfdir=/mnt/workspace/workspace/GCC-10-pipeline/jenkins-GCC-10-pipeline-338_20211018_1634516203/install-native/share/doc/gcc-arm-none-eabi/pdf --enable-languages=c,c++ --enable-plugins --disable-decimal-float --disable-libffi --disable-libgomp --disable-libmudflap --disable-libquadmath --disable-libssp --disable-libstdcxx-pch --disable-nls --disable-shared --disable-threads --disable-tls --with-gnu-as --with-gnu-ld --with-newlib --with-headers=yes --with-python-dir=share/gcc-arm-none-eabi --with-sysroot=/mnt/workspace/workspace/GCC-10-pipeline/jenkins-GCC-10-pipeline-338_20211018_1634516203/install-native/arm-none-eabi --build=x86_64-linux-gnu --host=x86_64-linux-gnu --with-gmp=/mnt/workspace/workspace/GCC-10-pipeline/jenkins-GCC-10-pipeline-338_20211018_1634516203/build-native/host-libs/usr --with-mpfr=/mnt/workspace/workspace/GCC-10-pipeline/jenkins-GCC-10-pipeline-338_20211018_1634516203/build-native/host-libs/usr --with-mpc=/mnt/workspace/workspace/GCC-10-pipeline/jenkins-GCC-10-pipeline-338_20211018_1634516203/build-native/host-libs/usr --with-isl=/mnt/workspace/workspace/GCC-10-pipeline/jenkins-GCC-10-pipeline-338_20211018_1634516203/build-native/host-libs/usr --with-libelf=/mnt/workspace/workspace/GCC-10-pipeline/jenkins-GCC-10-pipeline-338_20211018_1634516203/build-native/host-libs/usr --with-host-libstdcxx='-static-libgcc -Wl,-Bstatic,-lstdc++,-Bdynamic -lm' --with-pkgversion='GNU Arm Embedded Toolchain 10.3-2021.10' --with-multilib-list=rmprofile,aprofile
Thread model: single
Supported LTO compression algorithms: zlib
gcc version 10.3.1 20210824 (release) (GNU Arm Embedded Toolchain 10.3-2021.10) 
COMPILER_PATH=/usr/share/gcc-arm-none-eabi-10.3-2021.10/bin/../lib/gcc/arm-none-eabi/10.3.1/:/usr/share/gcc-arm-none-eabi-10.3-2021.10/bin/../lib/gcc/:/usr/share/gcc-arm-none-eabi-10.3-2021.10/bin/../lib/gcc/arm-none-eabi/10.3.1/../../../../arm-none-eabi/bin/
LIBRARY_PATH=/usr/share/gcc-arm-none-eabi-10.3-2021.10/bin/../lib/gcc/arm-none-eabi/10.3.1/:/usr/share/gcc-arm-none-eabi-10.3-2021.10/bin/../lib/gcc/:/usr/share/gcc-arm-none-eabi-10.3-2021.10/bin/../lib/gcc/arm-none-eabi/10.3.1/../../../../arm-none-eabi/lib/:/usr/share/gcc-arm-none-eabi-10.3-2021.10/bin/../arm-none-eabi/lib/
COLLECT_GCC_OPTIONS='-v' '-o' 'cmTC_39dfa' '-mcpu=arm7tdmi' '-mfloat-abi=soft' '-marm' '-mlibarch=armv4t' '-march=armv4t'
 /usr/share/gcc-arm-none-eabi-10.3-2021.10/bin/../lib/gcc/arm-none-eabi/10.3.1/collect2 -plugin /usr/share/gcc-arm-none-eabi-10.3-2021.10/bin/../lib/gcc/arm-none-eabi/10.3.1/liblto_plugin.so -plugin-opt=/usr/share/gcc-arm-none-eabi-10.3-2021.10/bin/../lib/gcc/arm-none-eabi/10.3.1/lto-wrapper -plugin-opt=-fresolution=/tmp/cc3teSMT.res -plugin-opt=-pass-through=-lgcc -plugin-opt=-pass-through=-lc --sysroot=/usr/share/gcc-arm-none-eabi-10.3-2021.10/bin/../arm-none-eabi -X -o cmTC_39dfa /usr/share/gcc-arm-none-eabi-10.3-2021.10/bin/../lib/gcc/arm-none-eabi/10.3.1/crti.o /usr/share/gcc-arm-none-eabi-10.3-2021.10/bin/../lib/gcc/arm-none-eabi/10.3.1/crtbegin.o /usr/share/gcc-arm-none-eabi-10.3-2021.10/bin/../lib/gcc/arm-none-eabi/10.3.1/../../../../arm-none-eabi/lib/crt0.o -L/usr/share/gcc-arm-none-eabi-10.3-2021.10/bin/../lib/gcc/arm-none-eabi/10.3.1 -L/usr/share/gcc-arm-none-eabi-10.3-2021.10/bin/../lib/gcc -L/usr/share/gcc-arm-none-eabi-10.3-2021.10/bin/../lib/gcc/arm-none-eabi/10.3.1/../../../../arm-none-eabi/lib -L/usr/share/gcc-arm-none-eabi-10.3-2021.10/bin/../arm-none-eabi/lib CMakeFiles/cmTC_39dfa.dir/CMakeCCompilerABI.c.o --start-group -lgcc -lc --end-group /usr/share/gcc-arm-none-eabi-10.3-2021.10/bin/../lib/gcc/arm-none-eabi/10.3.1/crtend.o /usr/share/gcc-arm-none-eabi-10.3-2021.10/bin/../lib/gcc/arm-none-eabi/10.3.1/crtn.o
/usr/share/gcc-arm-none-eabi-10.3-2021.10/bin/../lib/gcc/arm-none-eabi/10.3.1/../../../../arm-none-eabi/bin/ld: /usr/share/gcc-arm-none-eabi-10.3-2021.10/bin/../lib/gcc/arm-none-eabi/10.3.1/../../../../arm-none-eabi/lib/libc.a(lib_a-exit.o): in function `exit':
exit.c:(.text.exit+0x2c): undefined reference to `_exit'
collect2: error: ld returned 1 exit status
make[1]: *** [CMakeFiles/cmTC_39dfa.dir/build.make:87: cmTC_39dfa] Error 1
make[1]: Leaving directory '/home/zgrywcio/TMC/build/CMakeFiles/CMakeTmp'
make: *** [Makefile:121: cmTC_39dfa/fast] Error 2




